情報: 例外のスローを捕捉だよーーん LINE: 16 [土 3 21 02:29:37 JST 2020]
情報: INFO [土 3 21 02:29:37 JST 2020]
警告: WARNING [土 3 21 02:29:37 JST 2020]
重大: SEVERE [土 3 21 02:29:37 JST 2020]
情報: 例外のスローを捕捉 LINE: 25 [土 3 21 02:29:37 JST 2020]
情報: 例外のスローを捕捉だよーーん LINE: 16 [土 3 21 02:39:42 JST 2020]
情報: INFO [土 3 21 02:39:43 JST 2020]
警告: WARNING [土 3 21 02:39:43 JST 2020]
重大: SEVERE [土 3 21 02:39:43 JST 2020]
情報: 例外のスローを捕捉 LINE: 25 [土 3 21 02:39:43 JST 2020]
情報: INFO [土 3 21 16:04:43 JST 2020]
警告: WARNING [土 3 21 16:04:43 JST 2020]
重大: SEVERE [土 3 21 16:04:43 JST 2020]
情報: 例外のスローを捕捉 LINE: 14 [土 3 21 16:04:43 JST 2020]
情報: INFO [土 3 21 16:05:34 JST 2020]
警告: WARNING [土 3 21 16:05:34 JST 2020]
重大: SEVERE [土 3 21 16:05:34 JST 2020]
情報: 例外のスローを捕捉 LINE: 11 [土 3 21 16:05:34 JST 2020]
情報: INFO [土 3 21 16:21:13 JST 2020]
警告: WARNING [土 3 21 16:21:13 JST 2020]
重大: SEVERE [土 3 21 16:21:13 JST 2020]
情報: 例外のスローを捕捉 LINE: 11 [土 3 21 16:21:13 JST 2020]
情報: INFO [土 3 21 16:21:37 JST 2020]
警告: WARNING [土 3 21 16:21:37 JST 2020]
重大: SEVERE [土 3 21 16:21:37 JST 2020]
情報: 例外のスローを捕捉 LINE: 11 [土 3 21 16:21:37 JST 2020]
情報: INFO [土 3 21 16:25:53 JST 2020]
警告: WARNING [土 3 21 16:25:53 JST 2020]
重大: SEVERE [土 3 21 16:25:53 JST 2020]
情報: 例外のスローを捕捉 LINE: 11 [土 3 21 16:25:53 JST 2020]
情報: INFO [土 3 21 16:26:59 JST 2020]
警告: WARNING [土 3 21 16:26:59 JST 2020]
重大: SEVERE [土 3 21 16:26:59 JST 2020]
情報: 例外のスローを捕捉 LINE: 11 [土 3 21 16:26:59 JST 2020]
情報: INFO [土 3 21 16:28:34 JST 2020]
警告: WARNING [土 3 21 16:28:34 JST 2020]
重大: SEVERE [土 3 21 16:28:34 JST 2020]
情報: 例外のスローを捕捉 LINE: 11 [土 3 21 16:28:34 JST 2020]
情報: INFO [土 3 21 16:29:33 JST 2020]
警告: WARNING [土 3 21 16:29:33 JST 2020]
重大: SEVERE [土 3 21 16:29:33 JST 2020]
情報: 例外のスローを捕捉 LINE: 11 [土 3 21 16:29:33 JST 2020]
情報: INFO [土 3 21 16:30:44 JST 2020]
警告: WARNING [土 3 21 16:30:44 JST 2020]
重大: SEVERE [土 3 21 16:30:44 JST 2020]
情報: 例外のスローを捕捉 LINE: 11 [土 3 21 16:30:44 JST 2020]
情報: INFO [土 3 21 16:37:24 JST 2020]
警告: WARNING [土 3 21 16:37:24 JST 2020]
重大: SEVERE [土 3 21 16:37:24 JST 2020]
情報: 例外のスローを捕捉 LINE: 11 [土 3 21 16:37:24 JST 2020]
情報: INFO [土 3 21 16:41:50 JST 2020]
警告: WARNING [土 3 21 16:41:50 JST 2020]
重大: SEVERE [土 3 21 16:41:50 JST 2020]
情報: 例外のスローを捕捉 LINE: 11 [土 3 21 16:41:50 JST 2020]
